INFO:Erdos-Renyi:Create ER graph on 3000 vertexes with 90579 edges.
INFO:Plotter:	Estimate degree distribution...
INFO:Plotter:	Done.
INFO:Plotter:	Estimate clsutering...
INFO:Plotter:	Done.
INFO:Plotter:	Estimate paths...
INFO:Plotter:	Done.
INFO:Plotter:	Estimate correlations...
INFO:Plotter:	Done.
INFO:Small World:Create SW graph on 3000 vertexes with 90000 edges.
INFO:Plotter:	Estimate degree distribution...
INFO:Plotter:	Done.
INFO:Plotter:	Estimate clsutering...
INFO:Plotter:	Done.
INFO:Plotter:	Estimate paths...
INFO:Plotter:	Done.
INFO:Plotter:	Estimate correlations...
INFO:Plotter:	Done.
INFO:Small World:Create SW graph on 3000 vertexes with 90000 edges.
INFO:Plotter:	Estimate degree distribution...
INFO:Plotter:	Done.
INFO:Plotter:	Estimate clsutering...
INFO:Plotter:	Done.
INFO:Plotter:	Estimate paths...
INFO:Plotter:	Done.
INFO:Plotter:	Estimate correlations...
INFO:Plotter:	Done.
INFO:Small World:Create SW graph on 3000 vertexes with 90000 edges.
INFO:Plotter:	Estimate degree distribution...
INFO:Plotter:	Done.
INFO:Plotter:	Estimate clsutering...
INFO:Plotter:	Done.
INFO:Plotter:	Estimate paths...
INFO:Plotter:	Done.
INFO:Plotter:	Estimate correlations...
INFO:Plotter:	Done.
INFO:Barabasi-Albert:Create BA graph on 3000 vertexes with 92970 edges.
INFO:Plotter:	Estimate degree distribution...
INFO:Plotter:	Done.
INFO:Plotter:	Estimate clsutering...
INFO:Plotter:	Done.
INFO:Plotter:	Estimate paths...
INFO:Plotter:	Done.
INFO:Plotter:	Estimate correlations...
INFO:Plotter:	Done.
INFO:Duplication-Divergence:Create DD graph on 3000 vertexes with 14737 edges.
INFO:Plotter:	Estimate degree distribution...
INFO:Plotter:	Done.
INFO:Plotter:	Estimate clsutering...
INFO:Plotter:	Done.
INFO:Plotter:	Estimate paths...
INFO:Plotter:	Done.
INFO:Plotter:	Estimate correlations...
INFO:Plotter:	Done.
INFO:Duplication-Divergence:Create DD graph on 3000 vertexes with 32671 edges.
INFO:Plotter:	Estimate degree distribution...
INFO:Plotter:	Done.
INFO:Plotter:	Estimate clsutering...
INFO:Plotter:	Done.
INFO:Plotter:	Estimate paths...
INFO:Plotter:	Done.
INFO:Plotter:	Estimate correlations...
INFO:Plotter:	Done.
INFO:Duplication-Divergence:Create DD graph on 3000 vertexes with 90966 edges.
INFO:Plotter:	Estimate degree distribution...
INFO:Plotter:	Done.
INFO:Plotter:	Estimate clsutering...
INFO:Plotter:	Done.
INFO:Plotter:	Estimate paths...
INFO:Plotter:	Done.
INFO:Plotter:	Estimate correlations...
INFO:Plotter:	Done.
INFO:Configuration Model:Create CFGM graph on 1500 vertexes with 35259 edges.
INFO:Plotter:	Estimate degree distribution...
INFO:Plotter:	Done.
INFO:Plotter:	Estimate clsutering...
INFO:Plotter:	Done.
INFO:Plotter:	Estimate paths...
INFO:Plotter:	Done.
INFO:Plotter:	Estimate correlations...
INFO:Plotter:	Done.
INFO:Configuration Model:Create CFGM graph on 1500 vertexes with 21874 edges.
INFO:Plotter:	Estimate degree distribution...
INFO:Plotter:	Done.
INFO:Plotter:	Estimate clsutering...
INFO:Plotter:	Done.
INFO:Plotter:	Estimate paths...
INFO:Plotter:	Done.
INFO:Plotter:	Estimate correlations...
INFO:Plotter:	Done.
INFO:Configuration Model:Create CFGM graph on 1500 vertexes with 17053 edges.
INFO:Plotter:	Estimate degree distribution...
INFO:Plotter:	Done.
INFO:Plotter:	Estimate clsutering...
INFO:Plotter:	Done.
INFO:Plotter:	Estimate paths...
INFO:Plotter:	Done.
INFO:Plotter:	Estimate correlations...
INFO:Plotter:	Done.
INFO:Kronecker Graph:Create KGM graph on 1000 vertexes with 64000 edges.
INFO:Plotter:	Estimate degree distribution...
INFO:Plotter:	Done.
INFO:Plotter:	Estimate clsutering...
INFO:Plotter:	Done.
INFO:Plotter:	Estimate paths...
INFO:Plotter:	Done.
INFO:Plotter:	Estimate correlations...
INFO:Plotter:	Done.
INFO:Kronecker Graph:Create KGM graph on 1000 vertexes with 110592 edges.
INFO:Plotter:	Estimate degree distribution...
INFO:Plotter:	Done.
INFO:Plotter:	Estimate clsutering...
INFO:Plotter:	Done.
INFO:Plotter:	Estimate paths...
INFO:Plotter:	Done.
INFO:Plotter:	Estimate correlations...
INFO:Plotter:	Done.
INFO:Kronecker Graph:Create KGM graph on 1000 vertexes with 195112 edges.
INFO:Plotter:	Estimate degree distribution...
INFO:Plotter:	Done.
INFO:Plotter:	Estimate clsutering...
INFO:Plotter:	Done.
INFO:Plotter:	Estimate paths...
INFO:Plotter:	Done.
INFO:Plotter:	Estimate correlations...
INFO:Plotter:	Done.
INFO:Barabasi-Albert:Create BA graph on 100 vertexes with 5050 edges.
INFO:Linear PA:Create LPA graph on 3000 vertexes with 175850 edges.
INFO:Plotter:	Estimate degree distribution...
INFO:Plotter:	Done.
INFO:Plotter:	Estimate clsutering...
INFO:Plotter:	Done.
INFO:Plotter:	Estimate paths...
INFO:Plotter:	Done.
INFO:Plotter:	Estimate correlations...
INFO:Plotter:	Done.
INFO:Barabasi-Albert:Create BA graph on 100 vertexes with 5050 edges.
INFO:Linear PA:Create LPA graph on 3000 vertexes with 175850 edges.
INFO:Plotter:	Estimate degree distribution...
INFO:Plotter:	Done.
INFO:Plotter:	Estimate clsutering...
INFO:Plotter:	Done.
INFO:Plotter:	Estimate paths...
INFO:Plotter:	Done.
INFO:Plotter:	Estimate correlations...
INFO:Plotter:	Done.
INFO:Barabasi-Albert:Create BA graph on 100 vertexes with 5050 edges.
INFO:Linear PA:Create LPA graph on 3000 vertexes with 175850 edges.
INFO:Plotter:	Estimate degree distribution...
INFO:Plotter:	Done.
INFO:Plotter:	Estimate clsutering...
INFO:Plotter:	Done.
INFO:Plotter:	Estimate paths...
INFO:Plotter:	Done.
INFO:Plotter:	Estimate correlations...
INFO:Plotter:	Done.
INFO:Barabasi-Albert:Create BA graph on 100 vertexes with 5050 edges.
INFO:Linear PA:Create LPA graph on 3000 vertexes with 175850 edges.
INFO:Plotter:	Estimate degree distribution...
INFO:Plotter:	Done.
INFO:Plotter:	Estimate clsutering...
INFO:Plotter:	Done.
INFO:Plotter:	Estimate paths...
INFO:Plotter:	Done.
INFO:Plotter:	Estimate correlations...
INFO:Plotter:	Done.
INFO:Barabasi-Albert:Create BA graph on 100 vertexes with 5050 edges.
INFO:Linear PA:Create LPA graph on 3000 vertexes with 175850 edges.
INFO:Plotter:	Estimate degree distribution...
INFO:Plotter:	Done.
INFO:Plotter:	Estimate clsutering...
INFO:Plotter:	Done.
INFO:Plotter:	Estimate paths...
INFO:Plotter:	Done.
INFO:Plotter:	Estimate correlations...
INFO:Plotter:	Done.
